1745899498: mosquitto version 2.0.21 starting
1745899498: Config loaded from /mosquitto/config/mosquitto.conf.
1745899498: Warning: File /mosquitto/config/acl has world readable permissions. Future versions will refuse to load this file.
To fix this, use `chmod 0700 /mosquitto/config/acl`.
1745899498: Opening ipv4 listen socket on port 8883.
1745899498: Error: Unable to load server certificate "/etc/letsencrypt/live/mqtt-iot.freeddns.org/fullchain.pem". Check certfile.
1745899498: OpenSSL Error[0]: error:8000000D:system library::Permission denied
1745899498: OpenSSL Error[1]: error:10080002:BIO routines::system lib
1745899498: OpenSSL Error[2]: error:0A080002:SSL routines::system lib
1745899498: mosquitto version 2.0.21 starting
1745899498: Config loaded from /mosquitto/config/mosquitto.conf.
1745899498: Warning: File /mosquitto/config/acl has world readable permissions. Future versions will refuse to load this file.
To fix this, use `chmod 0700 /mosquitto/config/acl`.
1745899498: Opening ipv4 listen socket on port 8883.
1745899498: Error: Unable to load server certificate "/etc/letsencrypt/live/mqtt-iot.freeddns.org/fullchain.pem". Check certfile.
1745899498: OpenSSL Error[0]: error:8000000D:system library::Permission denied
1745899498: OpenSSL Error[1]: error:10080002:BIO routines::system lib
1745899498: OpenSSL Error[2]: error:0A080002:SSL routines::system lib
1745899499: mosquitto version 2.0.21 starting
1745899499: Config loaded from /mosquitto/config/mosquitto.conf.
1745899499: Warning: File /mosquitto/config/acl has world readable permissions. Future versions will refuse to load this file.
To fix this, use `chmod 0700 /mosquitto/config/acl`.
1745899499: Opening ipv4 listen socket on port 8883.
1745899499: Error: Unable to load server certificate "/etc/letsencrypt/live/mqtt-iot.freeddns.org/fullchain.pem". Check certfile.
1745899499: OpenSSL Error[0]: error:8000000D:system library::Permission denied
1745899499: OpenSSL Error[1]: error:10080002:BIO routines::system lib
1745899499: OpenSSL Error[2]: error:0A080002:SSL routines::system lib
1745899661: mosquitto version 2.0.21 starting
1745899661: Config loaded from /mosquitto/config/mosquitto.conf.
1745899661: Opening ipv4 listen socket on port 8883.
1745899661: Error: Unable to load server certificate "/etc/letsencrypt/live/mqtt-iot.freeddns.org/fullchain.pem". Check certfile.
1745899661: OpenSSL Error[0]: error:8000000D:system library::Permission denied
1745899661: OpenSSL Error[1]: error:10080002:BIO routines::system lib
1745899661: OpenSSL Error[2]: error:0A080002:SSL routines::system lib
1745899661: mosquitto version 2.0.21 starting
1745899661: Config loaded from /mosquitto/config/mosquitto.conf.
1745899661: Opening ipv4 listen socket on port 8883.
1745899661: Error: Unable to load server certificate "/etc/letsencrypt/live/mqtt-iot.freeddns.org/fullchain.pem". Check certfile.
1745899661: OpenSSL Error[0]: error:8000000D:system library::Permission denied
1745899661: OpenSSL Error[1]: error:10080002:BIO routines::system lib
1745899661: OpenSSL Error[2]: error:0A080002:SSL routines::system lib
1745899662: mosquitto version 2.0.21 starting
1745899662: Config loaded from /mosquitto/config/mosquitto.conf.
1745899662: Opening ipv4 listen socket on port 8883.
1745899662: Error: Unable to load server certificate "/etc/letsencrypt/live/mqtt-iot.freeddns.org/fullchain.pem". Check certfile.
1745899662: OpenSSL Error[0]: error:8000000D:system library::Permission denied
1745899662: OpenSSL Error[1]: error:10080002:BIO routines::system lib
1745899662: OpenSSL Error[2]: error:0A080002:SSL routines::system lib
1745899662: mosquitto version 2.0.21 starting
1745899662: Config loaded from /mosquitto/config/mosquitto.conf.
1745899662: Opening ipv4 listen socket on port 8883.
1745899662: Error: Unable to load server certificate "/etc/letsencrypt/live/mqtt-iot.freeddns.org/fullchain.pem". Check certfile.
1745899662: OpenSSL Error[0]: error:8000000D:system library::Permission denied
1745899662: OpenSSL Error[1]: error:10080002:BIO routines::system lib
1745899662: OpenSSL Error[2]: error:0A080002:SSL routines::system lib
1745899663: mosquitto version 2.0.21 starting
1745899663: Config loaded from /mosquitto/config/mosquitto.conf.
1745899663: Opening ipv4 listen socket on port 8883.
1745899663: Error: Unable to load server certificate "/etc/letsencrypt/live/mqtt-iot.freeddns.org/fullchain.pem". Check certfile.
1745899663: OpenSSL Error[0]: error:8000000D:system library::Permission denied
1745899663: OpenSSL Error[1]: error:10080002:BIO routines::system lib
1745899663: OpenSSL Error[2]: error:0A080002:SSL routines::system lib
1745899806: mosquitto version 2.0.21 starting
1745899806: Config loaded from /mosquitto/config/mosquitto.conf.
1745899806: Opening ipv4 listen socket on port 8883.
1745899806: mosquitto version 2.0.21 running
1745899917: New connection from 158.247.121.115:51246 on port 8883.
1745899917: New client connected from 158.247.121.115:51246 as auto-B19EC656-A436-4EC9-32E4-721F9CFCF73C (p2, c1, k60, u'admin').
1745899917: No will message specified.
1745899917: Sending CONNACK to auto-B19EC656-A436-4EC9-32E4-721F9CFCF73C (0, 0)
1745899917: Received PUBLISH from auto-B19EC656-A436-4EC9-32E4-721F9CFCF73C (d0, q0, r0, m0, 'test/topic', ... (8 bytes))
1745899917: Received DISCONNECT from auto-B19EC656-A436-4EC9-32E4-721F9CFCF73C
1745899917: Client auto-B19EC656-A436-4EC9-32E4-721F9CFCF73C disconnected.
1745899928: mosquitto version 2.0.21 terminating
1745899928: Saving in-memory database to /var/lib/mosquitto//mosquitto.db.
1745899928: Error saving in-memory database, unable to open /var/lib/mosquitto//mosquitto.db.new for writing.
1745899928: Error: No such file or directory.
1745900136: mosquitto version 2.0.21 starting
1745900136: Config loaded from /mosquitto/config/mosquitto.conf.
1745900136: Opening ipv4 listen socket on port 8883.
1745900136: mosquitto version 2.0.21 running
1745900139: mosquitto version 2.0.21 terminating
1745900139: Saving in-memory database to /var/lib/mosquitto//mosquitto.db.
1745900139: Error saving in-memory database, unable to open /var/lib/mosquitto//mosquitto.db.new for writing.
1745900139: Error: No such file or directory.
1745900565: mosquitto version 2.0.21 starting
1745900565: Config loaded from /mosquitto/config/mosquitto.conf.
1745900565: Opening ipv4 listen socket on port 8883.
1745900565: mosquitto version 2.0.21 running
1745900573: mosquitto version 2.0.21 terminating
1745900573: Saving in-memory database to /var/lib/mosquitto//mosquitto.db.
1745900573: Error saving in-memory database, unable to open /var/lib/mosquitto//mosquitto.db.new for writing.
1745900573: Error: No such file or directory.
